[{"stream_name":"stderr","time":1.727582753,"data":"[NbConvertApp] Converting notebook __notebook__.ipynb to notebook\n"}
,{"stream_name":"stderr","time":4.198565779,"data":"[NbConvertApp] Executing notebook with kernel: python3\n"}
,{"stream_name":"stderr","time":4232.380850514,"data":"[NbConvertApp] WARNING | Timeout waiting for IOPub output\n"}
,{"stream_name":"stderr","time":16469.758188851,"data":"[NbConvertApp] WARNING | Timeout waiting for IOPub output\n"}
,{"stream_name":"stderr","time":24575.883454235,"data":"[NbConvertApp] WARNING | Timeout waiting for IOPub output\n"}
,{"stream_name":"stderr","time":28642.29227528,"data":"[NbConvertApp] Writing 52463104 bytes to __notebook__.ipynb\n"}
,{"stream_name":"stderr","time":28643.450331955,"data":"[NbConvertApp] Converting notebook __notebook__.ipynb to html\n"}
,{"stream_name":"stderr","time":28645.710963818,"data":"[NbConvertApp] Support files will be in __results___files/\n"}
,{"stream_name":"stderr","time":28645.712012893,"data":"[NbConvertApp] Making directory __results___files\n"}
,{"stream_name":"stderr","time":28645.712030699,"data":"[NbConvertApp] Making directory __results___files\n"}
,{"stream_name":"stderr","time":28645.71284184,"data":"[NbConvertApp] Making directory __results___files\n"}
,{"stream_name":"stderr","time":28645.712857866,"data":"[NbConvertApp] Making directory __results___files\n"}
,{"stream_name":"stderr","time":28645.713955896,"data":"[NbConvertApp] Making directory __results___files\n"}
,{"stream_name":"stderr","time":28645.71498183,"data":"[NbConvertApp] Making directory __results___files\n"}
,{"stream_name":"stderr","time":28645.715764774,"data":"[NbConvertApp] Making directory __results___files\n"}
,{"stream_name":"stderr","time":28645.716463916,"data":"[NbConvertApp] Making directory __results___files\n"}
,{"stream_name":"stderr","time":28645.71816468,"data":"[NbConvertApp] Making directory __results___files\n"}
,{"stream_name":"stderr","time":28645.719242722,"data":"[NbConvertApp] Making directory __results___files\n"}
,{"stream_name":"stderr","time":28645.720158809,"data":"[NbConvertApp] Making directory __results___files\n"}
,{"stream_name":"stderr","time":28645.720584913,"data":"[NbConvertApp] Making directory __results___files\n"}
,{"stream_name":"stderr","time":28645.722057562,"data":"[NbConvertApp] Making directory __results___files\n"}
,{"stream_name":"stderr","time":28645.723164885,"data":"[NbConvertApp] Making directory __results___files\n"}
,{"stream_name":"stderr","time":28645.723959047,"data":"[NbConvertApp] Making directory __results___files\n"}
,{"stream_name":"stderr","time":28645.724652225,"data":"[NbConvertApp] Making directory __results___files\n"}
,{"stream_name":"stderr","time":28645.726017198,"data":"[NbConvertApp] Making directory __results___files\n"}
,{"stream_name":"stderr","time":28645.726981075,"data":"[NbConvertApp] Making directory __results___files\n"}
,{"stream_name":"stderr","time":28645.72777096,"data":"[NbConvertApp] Making directory __results___files\n"}
,{"stream_name":"stderr","time":28645.728282274,"data":"[NbConvertApp] Making directory __results___files\n"}
,{"stream_name":"stderr","time":28645.72966534,"data":"[NbConvertApp] Making directory __results___files\n"}
,{"stream_name":"stderr","time":28645.730720718,"data":"[NbConvertApp] Making directory __results___files\n"}
,{"stream_name":"stderr","time":28645.731437769,"data":"[NbConvertApp] Making directory __results___files\n"}
,{"stream_name":"stderr","time":28645.732057838,"data":"[NbConvertApp] Making directory __results___files\n"}
,{"stream_name":"stderr","time":28645.733444381,"data":"[NbConvertApp] Making directory __results___files\n"}
,{"stream_name":"stderr","time":28645.734313605,"data":"[NbConvertApp] Making directory __results___files\n"}
,{"stream_name":"stderr","time":28645.735066859,"data":"[NbConvertApp] Making directory __results___files\n"}
,{"stream_name":"stderr","time":28645.7355493,"data":"[NbConvertApp] Making directory __results___files\n"}
,{"stream_name":"stderr","time":28645.736924399,"data":"[NbConvertApp] Making directory __results___files\n"}
,{"stream_name":"stderr","time":28645.737966806,"data":"[NbConvertApp] Making directory __results___files\n"}
,{"stream_name":"stderr","time":28645.73866061,"data":"[NbConvertApp] Making directory __results___files\n"}
,{"stream_name":"stderr","time":28645.739326453,"data":"[NbConvertApp] Making directory __results___files\n"}
,{"stream_name":"stderr","time":28645.740774213,"data":"[NbConvertApp] Making directory __results___files\n"}
,{"stream_name":"stderr","time":28645.741647471,"data":"[NbConvertApp] Making directory __results___files\n"}
,{"stream_name":"stderr","time":28645.742433435,"data":"[NbConvertApp] Making directory __results___files\n"}
,{"stream_name":"stderr","time":28645.742917262,"data":"[NbConvertApp] Making directory __results___files\n"}
,{"stream_name":"stderr","time":28645.744346825,"data":"[NbConvertApp] Making directory __results___files\n"}
,{"stream_name":"stderr","time":28645.745517597,"data":"[NbConvertApp] Making directory __results___files\n"}
,{"stream_name":"stderr","time":28645.746274034,"data":"[NbConvertApp] Making directory __results___files\n"}
,{"stream_name":"stderr","time":28645.74689588,"data":"[NbConvertApp] Making directory __results___files\n"}
,{"stream_name":"stderr","time":28645.748324326,"data":"[NbConvertApp] Making directory __results___files\n"}
,{"stream_name":"stderr","time":28645.749221827,"data":"[NbConvertApp] Making directory __results___files\n"}
,{"stream_name":"stderr","time":28645.749981771,"data":"[NbConvertApp] Making directory __results___files\n"}
,{"stream_name":"stderr","time":28645.750395024,"data":"[NbConvertApp] Making directory __results___files\n"}
,{"stream_name":"stderr","time":28645.751752975,"data":"[NbConvertApp] Making directory __results___files\n"}
,{"stream_name":"stderr","time":28645.752702201,"data":"[NbConvertApp] Making directory __results___files\n"}
,{"stream_name":"stderr","time":28645.753426664,"data":"[NbConvertApp] Making directory __results___files\n"}
,{"stream_name":"stderr","time":28645.754093632,"data":"[NbConvertApp] Making directory __results___files\n"}
,{"stream_name":"stderr","time":28645.755387877,"data":"[NbConvertApp] Making directory __results___files\n"}
,{"stream_name":"stderr","time":28645.756288496,"data":"[NbConvertApp] Making directory __results___files\n"}
,{"stream_name":"stderr","time":28645.757082962,"data":"[NbConvertApp] Making directory __results___files\n"}
,{"stream_name":"stderr","time":28645.757468415,"data":"[NbConvertApp] Making directory __results___files\n"}
,{"stream_name":"stderr","time":28645.758781589,"data":"[NbConvertApp] Making directory __results___files\n"}
,{"stream_name":"stderr","time":28645.759713461,"data":"[NbConvertApp] Making directory __results___files\n"}
,{"stream_name":"stderr","time":28645.760419063,"data":"[NbConvertApp] Making directory __results___files\n"}
,{"stream_name":"stderr","time":28645.761055755,"data":"[NbConvertApp] Making directory __results___files\n"}
,{"stream_name":"stderr","time":28645.762269546,"data":"[NbConvertApp] Making directory __results___files\n"}
,{"stream_name":"stderr","time":28645.763097549,"data":"[NbConvertApp] Making directory __results___files\n"}
,{"stream_name":"stderr","time":28645.763898889,"data":"[NbConvertApp] Writing 382530 bytes to __results__.html\n"}
]