[{"stream_name":"stderr","time":1.797438087,"data":"[NbConvertApp] Converting notebook __notebook__.ipynb to notebook\n"}
,{"stream_name":"stderr","time":4.351568091,"data":"[NbConvertApp] Executing notebook with kernel: python3\n"}
,{"stream_name":"stderr","time":4206.504204538,"data":"[NbConvertApp] WARNING | Timeout waiting for IOPub output\n"}
,{"stream_name":"stderr","time":12323.271277942,"data":"[NbConvertApp] WARNING | Timeout waiting for IOPub output\n"}
,{"stream_name":"stderr","time":20425.588160165,"data":"[NbConvertApp] WARNING | Timeout waiting for IOPub output\n"}
,{"stream_name":"stderr","time":28540.328522794,"data":"[NbConvertApp] WARNING | Timeout waiting for IOPub output\n"}
,{"stream_name":"stderr","time":28548.00788436,"data":"[NbConvertApp] Writing 49518287 bytes to __notebook__.ipynb\n"}
,{"stream_name":"stderr","time":28548.939694938,"data":"[NbConvertApp] Converting notebook __notebook__.ipynb to html\n"}
,{"stream_name":"stderr","time":28550.994989536,"data":"[NbConvertApp] Support files will be in __results___files/\n"}
,{"stream_name":"stderr","time":28550.995082856,"data":"[NbConvertApp] Making directory __results___files\n"}
,{"stream_name":"stderr","time":28550.995783952,"data":"[NbConvertApp] Making directory __results___files\n"}
,{"stream_name":"stderr","time":28550.996301317,"data":"[NbConvertApp] Making directory __results___files\n"}
,{"stream_name":"stderr","time":28550.996526199,"data":"[NbConvertApp] Making directory __results___files\n"}
,{"stream_name":"stderr","time":28550.997829972,"data":"[NbConvertApp] Making directory __results___files\n"}
,{"stream_name":"stderr","time":28550.99881216,"data":"[NbConvertApp] Making directory __results___files\n"}
,{"stream_name":"stderr","time":28550.999485482,"data":"[NbConvertApp] Making directory __results___files\n"}
,{"stream_name":"stderr","time":28551.000086778,"data":"[NbConvertApp] Making directory __results___files\n"}
,{"stream_name":"stderr","time":28551.001286842,"data":"[NbConvertApp] Making directory __results___files\n"}
,{"stream_name":"stderr","time":28551.002082477,"data":"[NbConvertApp] Making directory __results___files\n"}
,{"stream_name":"stderr","time":28551.002785615,"data":"[NbConvertApp] Making directory __results___files\n"}
,{"stream_name":"stderr","time":28551.003115175,"data":"[NbConvertApp] Making directory __results___files\n"}
,{"stream_name":"stderr","time":28551.004260644,"data":"[NbConvertApp] Making directory __results___files\n"}
,{"stream_name":"stderr","time":28551.005126353,"data":"[NbConvertApp] Making directory __results___files\n"}
,{"stream_name":"stderr","time":28551.005733731,"data":"[NbConvertApp] Making directory __results___files\n"}
,{"stream_name":"stderr","time":28551.006303023,"data":"[NbConvertApp] Making directory __results___files\n"}
,{"stream_name":"stderr","time":28551.007330478,"data":"[NbConvertApp] Making directory __results___files\n"}
,{"stream_name":"stderr","time":28551.00809409,"data":"[NbConvertApp] Making directory __results___files\n"}
,{"stream_name":"stderr","time":28551.008793026,"data":"[NbConvertApp] Making directory __results___files\n"}
,{"stream_name":"stderr","time":28551.00914671,"data":"[NbConvertApp] Making directory __results___files\n"}
,{"stream_name":"stderr","time":28551.0102952,"data":"[NbConvertApp] Making directory __results___files\n"}
,{"stream_name":"stderr","time":28551.011192742,"data":"[NbConvertApp] Making directory __results___files\n"}
,{"stream_name":"stderr","time":28551.011844971,"data":"[NbConvertApp] Making directory __results___files\n"}
,{"stream_name":"stderr","time":28551.012430639,"data":"[NbConvertApp] Making directory __results___files\n"}
,{"stream_name":"stderr","time":28551.013534301,"data":"[NbConvertApp] Making directory __results___files\n"}
,{"stream_name":"stderr","time":28551.014375447,"data":"[NbConvertApp] Making directory __results___files\n"}
,{"stream_name":"stderr","time":28551.015108437,"data":"[NbConvertApp] Making directory __results___files\n"}
,{"stream_name":"stderr","time":28551.015499217,"data":"[NbConvertApp] Making directory __results___files\n"}
,{"stream_name":"stderr","time":28551.016639703,"data":"[NbConvertApp] Making directory __results___files\n"}
,{"stream_name":"stderr","time":28551.017498466,"data":"[NbConvertApp] Making directory __results___files\n"}
,{"stream_name":"stderr","time":28551.01812454,"data":"[NbConvertApp] Making directory __results___files\n"}
,{"stream_name":"stderr","time":28551.018674999,"data":"[NbConvertApp] Making directory __results___files\n"}
,{"stream_name":"stderr","time":28551.019814249,"data":"[NbConvertApp] Making directory __results___files\n"}
,{"stream_name":"stderr","time":28551.020590603,"data":"[NbConvertApp] Making directory __results___files\n"}
,{"stream_name":"stderr","time":28551.021301172,"data":"[NbConvertApp] Making directory __results___files\n"}
,{"stream_name":"stderr","time":28551.02165895,"data":"[NbConvertApp] Making directory __results___files\n"}
,{"stream_name":"stderr","time":28551.022877404,"data":"[NbConvertApp] Making directory __results___files\n"}
,{"stream_name":"stderr","time":28551.023776564,"data":"[NbConvertApp] Making directory __results___files\n"}
,{"stream_name":"stderr","time":28551.024406825,"data":"[NbConvertApp] Making directory __results___files\n"}
,{"stream_name":"stderr","time":28551.024937517,"data":"[NbConvertApp] Making directory __results___files\n"}
,{"stream_name":"stderr","time":28551.026078546,"data":"[NbConvertApp] Making directory __results___files\n"}
,{"stream_name":"stderr","time":28551.026850615,"data":"[NbConvertApp] Making directory __results___files\n"}
,{"stream_name":"stderr","time":28551.027554421,"data":"[NbConvertApp] Making directory __results___files\n"}
,{"stream_name":"stderr","time":28551.027847505,"data":"[NbConvertApp] Making directory __results___files\n"}
,{"stream_name":"stderr","time":28551.028940489,"data":"[NbConvertApp] Making directory __results___files\n"}
,{"stream_name":"stderr","time":28551.029741422,"data":"[NbConvertApp] Making directory __results___files\n"}
,{"stream_name":"stderr","time":28551.030343533,"data":"[NbConvertApp] Making directory __results___files\n"}
,{"stream_name":"stderr","time":28551.030880504,"data":"[NbConvertApp] Making directory __results___files\n"}
,{"stream_name":"stderr","time":28551.031927595,"data":"[NbConvertApp] Making directory __results___files\n"}
,{"stream_name":"stderr","time":28551.03272455,"data":"[NbConvertApp] Making directory __results___files\n"}
,{"stream_name":"stderr","time":28551.03342091,"data":"[NbConvertApp] Making directory __results___files\n"}
,{"stream_name":"stderr","time":28551.033903526,"data":"[NbConvertApp] Making directory __results___files\n"}
,{"stream_name":"stderr","time":28551.035196965,"data":"[NbConvertApp] Making directory __results___files\n"}
,{"stream_name":"stderr","time":28551.036202793,"data":"[NbConvertApp] Making directory __results___files\n"}
,{"stream_name":"stderr","time":28551.036889261,"data":"[NbConvertApp] Making directory __results___files\n"}
,{"stream_name":"stderr","time":28551.037502859,"data":"[NbConvertApp] Making directory __results___files\n"}
,{"stream_name":"stderr","time":28551.038756001,"data":"[NbConvertApp] Making directory __results___files\n"}
,{"stream_name":"stderr","time":28551.039550316,"data":"[NbConvertApp] Making directory __results___files\n"}
,{"stream_name":"stderr","time":28551.040275923,"data":"[NbConvertApp] Writing 383619 bytes to __results__.html\n"}
]