[{"stream_name":"stderr","time":2.647946306,"data":"[NbConvertApp] Converting notebook __notebook__.ipynb to notebook\n"}
,{"stream_name":"stderr","time":5.232837171,"data":"[NbConvertApp] Executing notebook with kernel: python3\n"}
,{"stream_name":"stderr","time":4201.297905008,"data":"[NbConvertApp] WARNING | Timeout waiting for IOPub output\n"}
,{"stream_name":"stderr","time":12335.233200064,"data":"[NbConvertApp] WARNING | Timeout waiting for IOPub output\n"}
,{"stream_name":"stderr","time":20470.927210582,"data":"[NbConvertApp] WARNING | Timeout waiting for IOPub output\n"}
,{"stream_name":"stderr","time":28625.982968505,"data":"[NbConvertApp] WARNING | Timeout waiting for IOPub output\n"}
,{"stream_name":"stderr","time":28634.197546265,"data":"[NbConvertApp] Writing 48526432 bytes to __notebook__.ipynb\n"}
,{"stream_name":"stderr","time":28635.194044006,"data":"[NbConvertApp] Converting notebook __notebook__.ipynb to html\n"}
,{"stream_name":"stderr","time":28637.306429657,"data":"[NbConvertApp] Support files will be in __results___files/\n"}
,{"stream_name":"stderr","time":28637.306513813,"data":"[NbConvertApp] Making directory __results___files\n"}
,{"stream_name":"stderr","time":28637.308427273,"data":"[NbConvertApp] Making directory __results___files\n"}
,{"stream_name":"stderr","time":28637.308446454,"data":"[NbConvertApp] Making directory __results___files\n"}
,{"stream_name":"stderr","time":28637.308452835,"data":"[NbConvertApp] Making directory __results___files\n"}
,{"stream_name":"stderr","time":28637.309646762,"data":"[NbConvertApp] Making directory __results___files\n"}
,{"stream_name":"stderr","time":28637.310024391,"data":"[NbConvertApp] Making directory __results___files\n"}
,{"stream_name":"stderr","time":28637.310689849,"data":"[NbConvertApp] Making directory __results___files\n"}
,{"stream_name":"stderr","time":28637.311290497,"data":"[NbConvertApp] Making directory __results___files\n"}
,{"stream_name":"stderr","time":28637.312466183,"data":"[NbConvertApp] Making directory __results___files\n"}
,{"stream_name":"stderr","time":28637.313291336,"data":"[NbConvertApp] Making directory __results___files\n"}
,{"stream_name":"stderr","time":28637.314028962,"data":"[NbConvertApp] Making directory __results___files\n"}
,{"stream_name":"stderr","time":28637.314388181,"data":"[NbConvertApp] Making directory __results___files\n"}
,{"stream_name":"stderr","time":28637.315607795,"data":"[NbConvertApp] Making directory __results___files\n"}
,{"stream_name":"stderr","time":28637.316534819,"data":"[NbConvertApp] Making directory __results___files\n"}
,{"stream_name":"stderr","time":28637.31721604,"data":"[NbConvertApp] Making directory __results___files\n"}
,{"stream_name":"stderr","time":28637.317819257,"data":"[NbConvertApp] Making directory __results___files\n"}
,{"stream_name":"stderr","time":28637.318937873,"data":"[NbConvertApp] Making directory __results___files\n"}
,{"stream_name":"stderr","time":28637.319742579,"data":"[NbConvertApp] Making directory __results___files\n"}
,{"stream_name":"stderr","time":28637.32045257,"data":"[NbConvertApp] Making directory __results___files\n"}
,{"stream_name":"stderr","time":28637.320737448,"data":"[NbConvertApp] Making directory __results___files\n"}
,{"stream_name":"stderr","time":28637.321845804,"data":"[NbConvertApp] Making directory __results___files\n"}
,{"stream_name":"stderr","time":28637.322635015,"data":"[NbConvertApp] Making directory __results___files\n"}
,{"stream_name":"stderr","time":28637.323264781,"data":"[NbConvertApp] Making directory __results___files\n"}
,{"stream_name":"stderr","time":28637.323857936,"data":"[NbConvertApp] Making directory __results___files\n"}
,{"stream_name":"stderr","time":28637.324916258,"data":"[NbConvertApp] Making directory __results___files\n"}
,{"stream_name":"stderr","time":28637.325727015,"data":"[NbConvertApp] Making directory __results___files\n"}
,{"stream_name":"stderr","time":28637.326429735,"data":"[NbConvertApp] Making directory __results___files\n"}
,{"stream_name":"stderr","time":28637.326789941,"data":"[NbConvertApp] Making directory __results___files\n"}
,{"stream_name":"stderr","time":28637.328122224,"data":"[NbConvertApp] Making directory __results___files\n"}
,{"stream_name":"stderr","time":28637.329078133,"data":"[NbConvertApp] Making directory __results___files\n"}
,{"stream_name":"stderr","time":28637.329760477,"data":"[NbConvertApp] Making directory __results___files\n"}
,{"stream_name":"stderr","time":28637.330339379,"data":"[NbConvertApp] Making directory __results___files\n"}
,{"stream_name":"stderr","time":28637.331500724,"data":"[NbConvertApp] Making directory __results___files\n"}
,{"stream_name":"stderr","time":28637.332337037,"data":"[NbConvertApp] Making directory __results___files\n"}
,{"stream_name":"stderr","time":28637.333092217,"data":"[NbConvertApp] Making directory __results___files\n"}
,{"stream_name":"stderr","time":28637.333536868,"data":"[NbConvertApp] Making directory __results___files\n"}
,{"stream_name":"stderr","time":28637.334874762,"data":"[NbConvertApp] Making directory __results___files\n"}
,{"stream_name":"stderr","time":28637.335862751,"data":"[NbConvertApp] Making directory __results___files\n"}
,{"stream_name":"stderr","time":28637.336533892,"data":"[NbConvertApp] Making directory __results___files\n"}
,{"stream_name":"stderr","time":28637.33714455,"data":"[NbConvertApp] Making directory __results___files\n"}
,{"stream_name":"stderr","time":28637.338337043,"data":"[NbConvertApp] Making directory __results___files\n"}
,{"stream_name":"stderr","time":28637.339190426,"data":"[NbConvertApp] Making directory __results___files\n"}
,{"stream_name":"stderr","time":28637.339944418,"data":"[NbConvertApp] Making directory __results___files\n"}
,{"stream_name":"stderr","time":28637.340364674,"data":"[NbConvertApp] Making directory __results___files\n"}
,{"stream_name":"stderr","time":28637.341619001,"data":"[NbConvertApp] Making directory __results___files\n"}
,{"stream_name":"stderr","time":28637.342521455,"data":"[NbConvertApp] Making directory __results___files\n"}
,{"stream_name":"stderr","time":28637.343235951,"data":"[NbConvertApp] Making directory __results___files\n"}
,{"stream_name":"stderr","time":28637.343899202,"data":"[NbConvertApp] Making directory __results___files\n"}
,{"stream_name":"stderr","time":28637.345125234,"data":"[NbConvertApp] Making directory __results___files\n"}
,{"stream_name":"stderr","time":28637.345973341,"data":"[NbConvertApp] Making directory __results___files\n"}
,{"stream_name":"stderr","time":28637.346738763,"data":"[NbConvertApp] Making directory __results___files\n"}
,{"stream_name":"stderr","time":28637.347057699,"data":"[NbConvertApp] Making directory __results___files\n"}
,{"stream_name":"stderr","time":28637.34831484,"data":"[NbConvertApp] Making directory __results___files\n"}
,{"stream_name":"stderr","time":28637.349251264,"data":"[NbConvertApp] Making directory __results___files\n"}
,{"stream_name":"stderr","time":28637.349880115,"data":"[NbConvertApp] Making directory __results___files\n"}
,{"stream_name":"stderr","time":28637.350433494,"data":"[NbConvertApp] Making directory __results___files\n"}
,{"stream_name":"stderr","time":28637.351674045,"data":"[NbConvertApp] Making directory __results___files\n"}
,{"stream_name":"stderr","time":28637.352539079,"data":"[NbConvertApp] Making directory __results___files\n"}
,{"stream_name":"stderr","time":28637.353301597,"data":"[NbConvertApp] Writing 383618 bytes to __results__.html\n"}
]